<?xml version="1.0" encoding="UTF-8"?>
<testsuites name="jest tests" tests="10" failures="0" errors="0" time="8.605">
  <testsuite name="undefined" errors="0" failures="0" skipped="0" timestamp="2022-05-05T13:43:25" time="7.218" tests="10">
    <testcase classname=" should display initial UI" name=" should display initial UI" time="0.213">
    </testcase>
    <testcase classname=" form validation - invalid" name=" form validation - invalid" time="0.482">
    </testcase>
    <testcase classname=" form validation - valid add btn" name=" form validation - valid add btn" time="0.16">
    </testcase>
    <testcase classname=" form validation - invalid submit" name=" form validation - invalid submit" time="0.165">
    </testcase>
    <testcase classname=" form validation - valid submit" name=" form validation - valid submit" time="0.189">
    </testcase>
    <testcase classname=" toggle view check" name=" toggle view check" time="0.105">
    </testcase>
    <testcase classname=" check form inputs" name=" check form inputs" time="0.261">
    </testcase>
    <testcase classname=" check view agenda" name=" check view agenda" time="0.048">
    </testcase>
    <testcase classname=" add and view the agenda" name=" add and view the agenda" time="0.322">
    </testcase>
    <testcase classname=" add and view the agenda - 2" name=" add and view the agenda - 2" time="0.622">
    </testcase>
  </testsuite>
</testsuites>